{"total": {"lines":{"total":50,"covered":49,"skipped":0,"pct":98},"statements":{"total":51,"covered":50,"skipped":0,"pct":98.03},"functions":{"total":23,"covered":23,"skipped":0,"pct":100},"branches":{"total":9,"covered":5,"skipped":0,"pct":55.55},"branchesTrue":{"total":0,"covered":0,"skipped":0,"pct":100}}
,"/home/runner/work/springboard/springboard/src/main/frontend/src/app/app.component.ts": {"lines":{"total":2,"covered":2,"skipped":0,"pct":100},"functions":{"total":1,"covered":1,"skipped":0,"pct":100},"statements":{"total":3,"covered":3,"skipped":0,"pct":100},"branches":{"total":0,"covered":0,"skipped":0,"pct":100}}
,"/home/runner/work/springboard/springboard/src/main/frontend/src/app/auth/login/login.component.ts": {"lines":{"total":12,"covered":12,"skipped":0,"pct":100},"functions":{"total":6,"covered":6,"skipped":0,"pct":100},"statements":{"total":12,"covered":12,"skipped":0,"pct":100},"branches":{"total":3,"covered":2,"skipped":0,"pct":66.66}}
,"/home/runner/work/springboard/springboard/src/main/frontend/src/app/auth/register/register.component.ts": {"lines":{"total":13,"covered":13,"skipped":0,"pct":100},"functions":{"total":7,"covered":7,"skipped":0,"pct":100},"statements":{"total":13,"covered":13,"skipped":0,"pct":100},"branches":{"total":3,"covered":2,"skipped":0,"pct":66.66}}
,"/home/runner/work/springboard/springboard/src/main/frontend/src/app/core/services/auth.service.ts": {"lines":{"total":23,"covered":22,"skipped":0,"pct":95.65},"functions":{"total":9,"covered":9,"skipped":0,"pct":100},"statements":{"total":23,"covered":22,"skipped":0,"pct":95.65},"branches":{"total":3,"covered":1,"skipped":0,"pct":33.33}}
}
