TN:
SF:src/app/app.component.ts
FN:23,(anonymous_0)
FNF:1
FNH:1
FNDA:2,(anonymous_0)
DA:23,1
DA:24,2
LF:2
LH:2
BRF:0
BRH:0
end_of_record
TN:
SF:src/app/auth/login/login.component.ts
FN:68,(anonymous_0)
FN:79,(anonymous_1)
FN:82,(anonymous_2)
FN:86,(anonymous_3)
FN:89,(anonymous_4)
FN:92,(anonymous_5)
FNF:6
FNH:6
FNDA:6,(anonymous_0)
FNDA:74,(anonymous_1)
FNDA:74,(anonymous_2)
FNDA:2,(anonymous_3)
FNDA:1,(anonymous_4)
FNDA:1,(anonymous_5)
DA:64,1
DA:66,6
DA:69,6
DA:70,6
DA:71,6
DA:73,6
DA:80,74
DA:83,74
DA:87,2
DA:88,2
DA:90,1
DA:93,1
LF:12
LH:12
BRDA:87,0,0,2
BRDA:93,1,0,1
BRDA:93,1,1,0
BRF:3
BRH:2
end_of_record
TN:
SF:src/app/auth/register/register.component.ts
FN:92,(anonymous_0)
FN:104,(anonymous_1)
FN:107,(anonymous_2)
FN:110,(anonymous_3)
FN:114,(anonymous_4)
FN:117,(anonymous_5)
FN:120,(anonymous_6)
FNF:7
FNH:7
FNDA:8,(anonymous_0)
FNDA:98,(anonymous_1)
FNDA:98,(anonymous_2)
FNDA:98,(anonymous_3)
FNDA:2,(anonymous_4)
FNDA:1,(anonymous_5)
FNDA:1,(anonymous_6)
DA:88,1
DA:90,8
DA:93,8
DA:94,8
DA:95,8
DA:97,8
DA:105,98
DA:108,98
DA:111,98
DA:115,2
DA:116,2
DA:118,1
DA:121,1
LF:13
LH:13
BRDA:115,0,0,2
BRDA:121,1,0,1
BRDA:121,1,1,0
BRF:3
BRH:2
end_of_record
TN:
SF:src/app/core/services/auth.service.ts
FN:25,(anonymous_0)
FN:32,(anonymous_1)
FN:39,(anonymous_2)
FN:42,(anonymous_3)
FN:51,(anonymous_4)
FN:54,(anonymous_5)
FN:63,(anonymous_6)
FN:69,(anonymous_7)
FN:73,(anonymous_8)
FNF:9
FNH:9
FNDA:13,(anonymous_0)
FNDA:6,(anonymous_1)
FNDA:3,(anonymous_2)
FNDA:3,(anonymous_3)
FNDA:3,(anonymous_4)
FNDA:3,(anonymous_5)
FNDA:2,(anonymous_6)
FNDA:2,(anonymous_7)
FNDA:2,(anonymous_8)
DA:21,1
DA:22,13
DA:23,13
DA:25,13
DA:26,13
DA:27,13
DA:28,0
DA:33,6
DA:40,3
DA:43,3
DA:44,3
DA:45,3
DA:46,3
DA:52,3
DA:55,3
DA:56,3
DA:57,3
DA:58,3
DA:64,2
DA:65,2
DA:66,2
DA:70,2
DA:74,2
LF:23
LH:22
BRDA:27,0,0,0
BRDA:27,1,0,13
BRDA:27,1,1,0
BRF:3
BRH:1
end_of_record
